__main__ - training_phase(line:3296) - ERROR - [ERROR] trace.csv does not exist.
[ERROR] trace.csv does not exist.
[ERROR] trace.csv does not exist.
[ERROR] trace.csv does not exist.
[ERROR] trace.csv does not exist.
[ERROR] trace.csv does not exist.
[ERROR] trace.csv does not exist.
[ERROR] trace.csv does not exist.
[ERROR] trace.csv does not exist.
[ERROR] trace.csv does not exist.

__main__ - optimizer_entrypoint(line:2430) - ERROR - !!! Skip optimizer !!! all root_node_rps all regions are 0
__main__ - optimizer_entrypoint(line:2430) - ERROR - !!! Skip optimizer !!! all root_node_rps all regions are 0
__main__ - optimizer_entrypoint(line:2430) - ERROR - !!! Skip optimizer !!! all root_node_rps all regions are 0
__main__ - optimizer_entrypoint(line:2430) - ERROR - !!! Skip optimizer !!! all root_node_rps all regions are 0
__main__ - optimizer_entrypoint(line:2443) - ERROR - !!! ERROR !!! Total demand(30) at sslateingress > total capcity(0) at corecontrast
__main__ - optimizer_entrypoint(line:2447) - ERROR - recalc capacity: corecontrast, old_capacity,8 -> new_capacity, 8
__main__ - optimizer_entrypoint(line:2447) - ERROR - recalc capacity: corecontrast, old_capacity,8 -> new_capacity, 8
__main__ - optimizer_entrypoint(line:2447) - ERROR - recalc capacity: corecontrast, old_capacity,8 -> new_capacity, 8
__main__ - optimizer_entrypoint(line:2447) - ERROR - recalc capacity: corecontrast, old_capacity,8 -> new_capacity, 8
__main__ - optimizer_entrypoint(line:2443) - ERROR - !!! ERROR !!! Total demand(747) at sslateingress > total capcity(0) at corecontrast
__main__ - optimizer_entrypoint(line:2447) - ERROR - recalc capacity: corecontrast, old_capacity,187 -> new_capacity, 187
__main__ - optimizer_entrypoint(line:2447) - ERROR - recalc capacity: corecontrast, old_capacity,187 -> new_capacity, 187
__main__ - optimizer_entrypoint(line:2447) - ERROR - recalc capacity: corecontrast, old_capacity,187 -> new_capacity, 187
__main__ - optimizer_entrypoint(line:2447) - ERROR - recalc capacity: corecontrast, old_capacity,187 -> new_capacity, 187
__main__ - optimizer_entrypoint(line:2443) - ERROR - !!! ERROR !!! Total demand(1257) at sslateingress > total capcity(0) at corecontrast
__main__ - optimizer_entrypoint(line:2447) - ERROR - recalc capacity: corecontrast, old_capacity,315 -> new_capacity, 315
__main__ - optimizer_entrypoint(line:2447) - ERROR - recalc capacity: corecontrast, old_capacity,315 -> new_capacity, 315
__main__ - optimizer_entrypoint(line:2447) - ERROR - recalc capacity: corecontrast, old_capacity,315 -> new_capacity, 315
__main__ - optimizer_entrypoint(line:2447) - ERROR - recalc capacity: corecontrast, old_capacity,315 -> new_capacity, 315
__main__ - optimizer_entrypoint(line:2443) - ERROR - !!! ERROR !!! Total demand(1238) at sslateingress > total capcity(0) at corecontrast
__main__ - optimizer_entrypoint(line:2447) - ERROR - recalc capacity: corecontrast, old_capacity,310 -> new_capacity, 310
__main__ - optimizer_entrypoint(line:2447) - ERROR - recalc capacity: corecontrast, old_capacity,310 -> new_capacity, 310
__main__ - optimizer_entrypoint(line:2447) - ERROR - recalc capacity: corecontrast, old_capacity,310 -> new_capacity, 310
__main__ - optimizer_entrypoint(line:2447) - ERROR - recalc capacity: corecontrast, old_capacity,310 -> new_capacity, 310
__main__ - optimizer_entrypoint(line:2443) - ERROR - !!! ERROR !!! Total demand(1257) at sslateingress > total capcity(0) at corecontrast
__main__ - optimizer_entrypoint(line:2447) - ERROR - recalc capacity: corecontrast, old_capacity,315 -> new_capacity, 315
__main__ - optimizer_entrypoint(line:2447) - ERROR - recalc capacity: corecontrast, old_capacity,315 -> new_capacity, 315
__main__ - optimizer_entrypoint(line:2447) - ERROR - recalc capacity: corecontrast, old_capacity,315 -> new_capacity, 315
__main__ - optimizer_entrypoint(line:2447) - ERROR - recalc capacity: corecontrast, old_capacity,315 -> new_capacity, 315
__main__ - optimizer_entrypoint(line:2443) - ERROR - !!! ERROR !!! Total demand(1249) at sslateingress > total capcity(0) at corecontrast
__main__ - optimizer_entrypoint(line:2447) - ERROR - recalc capacity: corecontrast, old_capacity,313 -> new_capacity, 313
__main__ - optimizer_entrypoint(line:2447) - ERROR - recalc capacity: corecontrast, old_capacity,313 -> new_capacity, 313
__main__ - optimizer_entrypoint(line:2447) - ERROR - recalc capacity: corecontrast, old_capacity,313 -> new_capacity, 313
__main__ - optimizer_entrypoint(line:2447) - ERROR - recalc capacity: corecontrast, old_capacity,313 -> new_capacity, 313
__main__ - optimizer_entrypoint(line:2443) - ERROR - !!! ERROR !!! Total demand(1223) at sslateingress > total capcity(0) at corecontrast
__main__ - optimizer_entrypoint(line:2447) - ERROR - recalc capacity: corecontrast, old_capacity,306 -> new_capacity, 306
__main__ - optimizer_entrypoint(line:2447) - ERROR - recalc capacity: corecontrast, old_capacity,306 -> new_capacity, 306
__main__ - optimizer_entrypoint(line:2447) - ERROR - recalc capacity: corecontrast, old_capacity,306 -> new_capacity, 306
__main__ - optimizer_entrypoint(line:2447) - ERROR - recalc capacity: corecontrast, old_capacity,306 -> new_capacity, 306
__main__ - optimizer_entrypoint(line:2443) - ERROR - !!! ERROR !!! Total demand(1210) at sslateingress > total capcity(0) at corecontrast
__main__ - optimizer_entrypoint(line:2447) - ERROR - recalc capacity: corecontrast, old_capacity,303 -> new_capacity, 303
__main__ - optimizer_entrypoint(line:2447) - ERROR - recalc capacity: corecontrast, old_capacity,303 -> new_capacity, 303
__main__ - optimizer_entrypoint(line:2447) - ERROR - recalc capacity: corecontrast, old_capacity,303 -> new_capacity, 303
__main__ - optimizer_entrypoint(line:2447) - ERROR - recalc capacity: corecontrast, old_capacity,303 -> new_capacity, 303
__main__ - optimizer_entrypoint(line:2443) - ERROR - !!! ERROR !!! Total demand(1250) at sslateingress > total capcity(0) at corecontrast
__main__ - optimizer_entrypoint(line:2447) - ERROR - recalc capacity: corecontrast, old_capacity,313 -> new_capacity, 313
__main__ - optimizer_entrypoint(line:2447) - ERROR - recalc capacity: corecontrast, old_capacity,313 -> new_capacity, 313
__main__ - optimizer_entrypoint(line:2447) - ERROR - recalc capacity: corecontrast, old_capacity,313 -> new_capacity, 313
__main__ - optimizer_entrypoint(line:2447) - ERROR - recalc capacity: corecontrast, old_capacity,313 -> new_capacity, 313
__main__ - optimizer_entrypoint(line:2443) - ERROR - !!! ERROR !!! Total demand(1231) at sslateingress > total capcity(0) at corecontrast
__main__ - optimizer_entrypoint(line:2447) - ERROR - recalc capacity: corecontrast, old_capacity,308 -> new_capacity, 308
__main__ - optimizer_entrypoint(line:2447) - ERROR - recalc capacity: corecontrast, old_capacity,308 -> new_capacity, 308
__main__ - optimizer_entrypoint(line:2447) - ERROR - recalc capacity: corecontrast, old_capacity,308 -> new_capacity, 308
__main__ - optimizer_entrypoint(line:2447) - ERROR - recalc capacity: corecontrast, old_capacity,308 -> new_capacity, 308
__main__ - optimizer_entrypoint(line:2443) - ERROR - !!! ERROR !!! Total demand(1233) at sslateingress > total capcity(0) at corecontrast
__main__ - optimizer_entrypoint(line:2447) - ERROR - recalc capacity: corecontrast, old_capacity,309 -> new_capacity, 309
__main__ - optimizer_entrypoint(line:2447) - ERROR - recalc capacity: corecontrast, old_capacity,309 -> new_capacity, 309
__main__ - optimizer_entrypoint(line:2447) - ERROR - recalc capacity: corecontrast, old_capacity,309 -> new_capacity, 309
__main__ - optimizer_entrypoint(line:2447) - ERROR - recalc capacity: corecontrast, old_capacity,309 -> new_capacity, 309
__main__ - optimizer_entrypoint(line:2443) - ERROR - !!! ERROR !!! Total demand(1219) at sslateingress > total capcity(0) at corecontrast
__main__ - optimizer_entrypoint(line:2447) - ERROR - recalc capacity: corecontrast, old_capacity,305 -> new_capacity, 305
__main__ - optimizer_entrypoint(line:2447) - ERROR - recalc capacity: corecontrast, old_capacity,305 -> new_capacity, 305
__main__ - optimizer_entrypoint(line:2447) - ERROR - recalc capacity: corecontrast, old_capacity,305 -> new_capacity, 305
__main__ - optimizer_entrypoint(line:2447) - ERROR - recalc capacity: corecontrast, old_capacity,305 -> new_capacity, 305
__main__ - optimizer_entrypoint(line:2443) - ERROR - !!! ERROR !!! Total demand(1216) at sslateingress > total capcity(0) at corecontrast
__main__ - optimizer_entrypoint(line:2447) - ERROR - recalc capacity: corecontrast, old_capacity,305 -> new_capacity, 305
__main__ - optimizer_entrypoint(line:2447) - ERROR - recalc capacity: corecontrast, old_capacity,305 -> new_capacity, 305
__main__ - optimizer_entrypoint(line:2447) - ERROR - recalc capacity: corecontrast, old_capacity,305 -> new_capacity, 305
__main__ - optimizer_entrypoint(line:2447) - ERROR - recalc capacity: corecontrast, old_capacity,305 -> new_capacity, 305
__main__ - optimizer_entrypoint(line:2443) - ERROR - !!! ERROR !!! Total demand(1211) at sslateingress > total capcity(0) at corecontrast
__main__ - optimizer_entrypoint(line:2447) - ERROR - recalc capacity: corecontrast, old_capacity,303 -> new_capacity, 303
__main__ - optimizer_entrypoint(line:2447) - ERROR - recalc capacity: corecontrast, old_capacity,303 -> new_capacity, 303
__main__ - optimizer_entrypoint(line:2447) - ERROR - recalc capacity: corecontrast, old_capacity,303 -> new_capacity, 303
__main__ - optimizer_entrypoint(line:2447) - ERROR - recalc capacity: corecontrast, old_capacity,303 -> new_capacity, 303
__main__ - optimizer_entrypoint(line:2443) - ERROR - !!! ERROR !!! Total demand(1234) at sslateingress > total capcity(0) at corecontrast
__main__ - optimizer_entrypoint(line:2447) - ERROR - recalc capacity: corecontrast, old_capacity,309 -> new_capacity, 309
__main__ - optimizer_entrypoint(line:2447) - ERROR - recalc capacity: corecontrast, old_capacity,309 -> new_capacity, 309
__main__ - optimizer_entrypoint(line:2447) - ERROR - recalc capacity: corecontrast, old_capacity,309 -> new_capacity, 309
__main__ - optimizer_entrypoint(line:2447) - ERROR - recalc capacity: corecontrast, old_capacity,309 -> new_capacity, 309
__main__ - optimizer_entrypoint(line:2443) - ERROR - !!! ERROR !!! Total demand(1211) at sslateingress > total capcity(0) at corecontrast
__main__ - optimizer_entrypoint(line:2447) - ERROR - recalc capacity: corecontrast, old_capacity,303 -> new_capacity, 303
__main__ - optimizer_entrypoint(line:2447) - ERROR - recalc capacity: corecontrast, old_capacity,303 -> new_capacity, 303
__main__ - optimizer_entrypoint(line:2447) - ERROR - recalc capacity: corecontrast, old_capacity,303 -> new_capacity, 303
__main__ - optimizer_entrypoint(line:2447) - ERROR - recalc capacity: corecontrast, old_capacity,303 -> new_capacity, 303
__main__ - optimizer_entrypoint(line:2443) - ERROR - !!! ERROR !!! Total demand(1216) at sslateingress > total capcity(0) at corecontrast
__main__ - optimizer_entrypoint(line:2447) - ERROR - recalc capacity: corecontrast, old_capacity,305 -> new_capacity, 305
__main__ - optimizer_entrypoint(line:2447) - ERROR - recalc capacity: corecontrast, old_capacity,305 -> new_capacity, 305
__main__ - optimizer_entrypoint(line:2447) - ERROR - recalc capacity: corecontrast, old_capacity,305 -> new_capacity, 305
__main__ - optimizer_entrypoint(line:2447) - ERROR - recalc capacity: corecontrast, old_capacity,305 -> new_capacity, 305
__main__ - optimizer_entrypoint(line:2443) - ERROR - !!! ERROR !!! Total demand(1234) at sslateingress > total capcity(0) at corecontrast
__main__ - optimizer_entrypoint(line:2447) - ERROR - recalc capacity: corecontrast, old_capacity,309 -> new_capacity, 309
__main__ - optimizer_entrypoint(line:2447) - ERROR - recalc capacity: corecontrast, old_capacity,309 -> new_capacity, 309
__main__ - optimizer_entrypoint(line:2447) - ERROR - recalc capacity: corecontrast, old_capacity,309 -> new_capacity, 309
__main__ - optimizer_entrypoint(line:2447) - ERROR - recalc capacity: corecontrast, old_capacity,309 -> new_capacity, 309
__main__ - optimizer_entrypoint(line:2443) - ERROR - !!! ERROR !!! Total demand(1220) at sslateingress > total capcity(0) at corecontrast
__main__ - optimizer_entrypoint(line:2447) - ERROR - recalc capacity: corecontrast, old_capacity,306 -> new_capacity, 306
__main__ - optimizer_entrypoint(line:2447) - ERROR - recalc capacity: corecontrast, old_capacity,306 -> new_capacity, 306
__main__ - optimizer_entrypoint(line:2447) - ERROR - recalc capacity: corecontrast, old_capacity,306 -> new_capacity, 306
__main__ - optimizer_entrypoint(line:2447) - ERROR - recalc capacity: corecontrast, old_capacity,306 -> new_capacity, 306
__main__ - optimizer_entrypoint(line:2443) - ERROR - !!! ERROR !!! Total demand(1251) at sslateingress > total capcity(0) at corecontrast
__main__ - optimizer_entrypoint(line:2447) - ERROR - recalc capacity: corecontrast, old_capacity,313 -> new_capacity, 313
__main__ - optimizer_entrypoint(line:2447) - ERROR - recalc capacity: corecontrast, old_capacity,313 -> new_capacity, 313
__main__ - optimizer_entrypoint(line:2447) - ERROR - recalc capacity: corecontrast, old_capacity,313 -> new_capacity, 313
__main__ - optimizer_entrypoint(line:2447) - ERROR - recalc capacity: corecontrast, old_capacity,313 -> new_capacity, 313
__main__ - optimizer_entrypoint(line:2443) - ERROR - !!! ERROR !!! Total demand(1244) at sslateingress > total capcity(0) at corecontrast
__main__ - optimizer_entrypoint(line:2447) - ERROR - recalc capacity: corecontrast, old_capacity,312 -> new_capacity, 312
__main__ - optimizer_entrypoint(line:2447) - ERROR - recalc capacity: corecontrast, old_capacity,312 -> new_capacity, 312
__main__ - optimizer_entrypoint(line:2447) - ERROR - recalc capacity: corecontrast, old_capacity,312 -> new_capacity, 312
__main__ - optimizer_entrypoint(line:2447) - ERROR - recalc capacity: corecontrast, old_capacity,312 -> new_capacity, 312
__main__ - optimizer_entrypoint(line:2443) - ERROR - !!! ERROR !!! Total demand(1136) at sslateingress > total capcity(0) at corecontrast
__main__ - optimizer_entrypoint(line:2447) - ERROR - recalc capacity: corecontrast, old_capacity,285 -> new_capacity, 285
__main__ - optimizer_entrypoint(line:2447) - ERROR - recalc capacity: corecontrast, old_capacity,285 -> new_capacity, 285
__main__ - optimizer_entrypoint(line:2447) - ERROR - recalc capacity: corecontrast, old_capacity,285 -> new_capacity, 285
__main__ - optimizer_entrypoint(line:2447) - ERROR - recalc capacity: corecontrast, old_capacity,285 -> new_capacity, 285
__main__ - optimizer_entrypoint(line:2443) - ERROR - !!! ERROR !!! Total demand(1197) at sslateingress > total capcity(0) at corecontrast
__main__ - optimizer_entrypoint(line:2447) - ERROR - recalc capacity: corecontrast, old_capacity,300 -> new_capacity, 300
__main__ - optimizer_entrypoint(line:2447) - ERROR - recalc capacity: corecontrast, old_capacity,300 -> new_capacity, 300
__main__ - optimizer_entrypoint(line:2447) - ERROR - recalc capacity: corecontrast, old_capacity,300 -> new_capacity, 300
__main__ - optimizer_entrypoint(line:2447) - ERROR - recalc capacity: corecontrast, old_capacity,300 -> new_capacity, 300
__main__ - optimizer_entrypoint(line:2443) - ERROR - !!! ERROR !!! Total demand(1224) at sslateingress > total capcity(0) at corecontrast
__main__ - optimizer_entrypoint(line:2447) - ERROR - recalc capacity: corecontrast, old_capacity,307 -> new_capacity, 307
__main__ - optimizer_entrypoint(line:2447) - ERROR - recalc capacity: corecontrast, old_capacity,307 -> new_capacity, 307
__main__ - optimizer_entrypoint(line:2447) - ERROR - recalc capacity: corecontrast, old_capacity,307 -> new_capacity, 307
__main__ - optimizer_entrypoint(line:2447) - ERROR - recalc capacity: corecontrast, old_capacity,307 -> new_capacity, 307
__main__ - optimizer_entrypoint(line:2443) - ERROR - !!! ERROR !!! Total demand(1242) at sslateingress > total capcity(0) at corecontrast
__main__ - optimizer_entrypoint(line:2447) - ERROR - recalc capacity: corecontrast, old_capacity,311 -> new_capacity, 311
__main__ - optimizer_entrypoint(line:2447) - ERROR - recalc capacity: corecontrast, old_capacity,311 -> new_capacity, 311
__main__ - optimizer_entrypoint(line:2447) - ERROR - recalc capacity: corecontrast, old_capacity,311 -> new_capacity, 311
__main__ - optimizer_entrypoint(line:2447) - ERROR - recalc capacity: corecontrast, old_capacity,311 -> new_capacity, 311
__main__ - optimizer_entrypoint(line:2443) - ERROR - !!! ERROR !!! Total demand(1214) at sslateingress > total capcity(0) at corecontrast
__main__ - optimizer_entrypoint(line:2447) - ERROR - recalc capacity: corecontrast, old_capacity,304 -> new_capacity, 304
__main__ - optimizer_entrypoint(line:2447) - ERROR - recalc capacity: corecontrast, old_capacity,304 -> new_capacity, 304
__main__ - optimizer_entrypoint(line:2447) - ERROR - recalc capacity: corecontrast, old_capacity,304 -> new_capacity, 304
__main__ - optimizer_entrypoint(line:2447) - ERROR - recalc capacity: corecontrast, old_capacity,304 -> new_capacity, 304
__main__ - optimizer_entrypoint(line:2443) - ERROR - !!! ERROR !!! Total demand(1227) at sslateingress > total capcity(0) at corecontrast
__main__ - optimizer_entrypoint(line:2447) - ERROR - recalc capacity: corecontrast, old_capacity,307 -> new_capacity, 307
__main__ - optimizer_entrypoint(line:2447) - ERROR - recalc capacity: corecontrast, old_capacity,307 -> new_capacity, 307
__main__ - optimizer_entrypoint(line:2447) - ERROR - recalc capacity: corecontrast, old_capacity,307 -> new_capacity, 307
__main__ - optimizer_entrypoint(line:2447) - ERROR - recalc capacity: corecontrast, old_capacity,307 -> new_capacity, 307
__main__ - optimizer_entrypoint(line:2443) - ERROR - !!! ERROR !!! Total demand(1222) at sslateingress > total capcity(0) at corecontrast
__main__ - optimizer_entrypoint(line:2447) - ERROR - recalc capacity: corecontrast, old_capacity,306 -> new_capacity, 306
__main__ - optimizer_entrypoint(line:2447) - ERROR - recalc capacity: corecontrast, old_capacity,306 -> new_capacity, 306
__main__ - optimizer_entrypoint(line:2447) - ERROR - recalc capacity: corecontrast, old_capacity,306 -> new_capacity, 306
__main__ - optimizer_entrypoint(line:2447) - ERROR - recalc capacity: corecontrast, old_capacity,306 -> new_capacity, 306
__main__ - optimizer_entrypoint(line:2443) - ERROR - !!! ERROR !!! Total demand(1224) at sslateingress > total capcity(0) at corecontrast
__main__ - optimizer_entrypoint(line:2447) - ERROR - recalc capacity: corecontrast, old_capacity,307 -> new_capacity, 307
__main__ - optimizer_entrypoint(line:2447) - ERROR - recalc capacity: corecontrast, old_capacity,307 -> new_capacity, 307
__main__ - optimizer_entrypoint(line:2447) - ERROR - recalc capacity: corecontrast, old_capacity,307 -> new_capacity, 307
__main__ - optimizer_entrypoint(line:2447) - ERROR - recalc capacity: corecontrast, old_capacity,307 -> new_capacity, 307
__main__ - optimizer_entrypoint(line:2443) - ERROR - !!! ERROR !!! Total demand(1224) at sslateingress > total capcity(0) at corecontrast
__main__ - optimizer_entrypoint(line:2447) - ERROR - recalc capacity: corecontrast, old_capacity,307 -> new_capacity, 307
__main__ - optimizer_entrypoint(line:2447) - ERROR - recalc capacity: corecontrast, old_capacity,307 -> new_capacity, 307
__main__ - optimizer_entrypoint(line:2447) - ERROR - recalc capacity: corecontrast, old_capacity,307 -> new_capacity, 307
__main__ - optimizer_entrypoint(line:2447) - ERROR - recalc capacity: corecontrast, old_capacity,307 -> new_capacity, 307
__main__ - optimizer_entrypoint(line:2443) - ERROR - !!! ERROR !!! Total demand(1238) at sslateingress > total capcity(0) at corecontrast
__main__ - optimizer_entrypoint(line:2447) - ERROR - recalc capacity: corecontrast, old_capacity,310 -> new_capacity, 310
__main__ - optimizer_entrypoint(line:2447) - ERROR - recalc capacity: corecontrast, old_capacity,310 -> new_capacity, 310
__main__ - optimizer_entrypoint(line:2447) - ERROR - recalc capacity: corecontrast, old_capacity,310 -> new_capacity, 310
__main__ - optimizer_entrypoint(line:2447) - ERROR - recalc capacity: corecontrast, old_capacity,310 -> new_capacity, 310
__main__ - optimizer_entrypoint(line:2443) - ERROR - !!! ERROR !!! Total demand(1160) at sslateingress > total capcity(0) at corecontrast
__main__ - optimizer_entrypoint(line:2447) - ERROR - recalc capacity: corecontrast, old_capacity,291 -> new_capacity, 291
__main__ - optimizer_entrypoint(line:2447) - ERROR - recalc capacity: corecontrast, old_capacity,291 -> new_capacity, 291
__main__ - optimizer_entrypoint(line:2447) - ERROR - recalc capacity: corecontrast, old_capacity,291 -> new_capacity, 291
__main__ - optimizer_entrypoint(line:2447) - ERROR - recalc capacity: corecontrast, old_capacity,291 -> new_capacity, 291
__main__ - optimizer_entrypoint(line:2443) - ERROR - !!! ERROR !!! Total demand(1137) at sslateingress > total capcity(0) at corecontrast
__main__ - optimizer_entrypoint(line:2447) - ERROR - recalc capacity: corecontrast, old_capacity,285 -> new_capacity, 285
__main__ - optimizer_entrypoint(line:2447) - ERROR - recalc capacity: corecontrast, old_capacity,285 -> new_capacity, 285
__main__ - optimizer_entrypoint(line:2447) - ERROR - recalc capacity: corecontrast, old_capacity,285 -> new_capacity, 285
__main__ - optimizer_entrypoint(line:2447) - ERROR - recalc capacity: corecontrast, old_capacity,285 -> new_capacity, 285
__main__ - optimizer_entrypoint(line:2443) - ERROR - !!! ERROR !!! Total demand(1204) at sslateingress > total capcity(0) at corecontrast
__main__ - optimizer_entrypoint(line:2447) - ERROR - recalc capacity: corecontrast, old_capacity,302 -> new_capacity, 302
__main__ - optimizer_entrypoint(line:2447) - ERROR - recalc capacity: corecontrast, old_capacity,302 -> new_capacity, 302
__main__ - optimizer_entrypoint(line:2447) - ERROR - recalc capacity: corecontrast, old_capacity,302 -> new_capacity, 302
__main__ - optimizer_entrypoint(line:2447) - ERROR - recalc capacity: corecontrast, old_capacity,302 -> new_capacity, 302
__main__ - optimizer_entrypoint(line:2443) - ERROR - !!! ERROR !!! Total demand(1246) at sslateingress > total capcity(0) at corecontrast
__main__ - optimizer_entrypoint(line:2447) - ERROR - recalc capacity: corecontrast, old_capacity,312 -> new_capacity, 312
__main__ - optimizer_entrypoint(line:2447) - ERROR - recalc capacity: corecontrast, old_capacity,312 -> new_capacity, 312
__main__ - optimizer_entrypoint(line:2447) - ERROR - recalc capacity: corecontrast, old_capacity,312 -> new_capacity, 312
__main__ - optimizer_entrypoint(line:2447) - ERROR - recalc capacity: corecontrast, old_capacity,312 -> new_capacity, 312
__main__ - optimizer_entrypoint(line:2443) - ERROR - !!! ERROR !!! Total demand(1222) at sslateingress > total capcity(0) at corecontrast
__main__ - optimizer_entrypoint(line:2447) - ERROR - recalc capacity: corecontrast, old_capacity,306 -> new_capacity, 306
__main__ - optimizer_entrypoint(line:2447) - ERROR - recalc capacity: corecontrast, old_capacity,306 -> new_capacity, 306
__main__ - optimizer_entrypoint(line:2447) - ERROR - recalc capacity: corecontrast, old_capacity,306 -> new_capacity, 306
__main__ - optimizer_entrypoint(line:2447) - ERROR - recalc capacity: corecontrast, old_capacity,306 -> new_capacity, 306
__main__ - optimizer_entrypoint(line:2443) - ERROR - !!! ERROR !!! Total demand(1259) at sslateingress > total capcity(0) at corecontrast
__main__ - optimizer_entrypoint(line:2447) - ERROR - recalc capacity: corecontrast, old_capacity,315 -> new_capacity, 315
__main__ - optimizer_entrypoint(line:2447) - ERROR - recalc capacity: corecontrast, old_capacity,315 -> new_capacity, 315
__main__ - optimizer_entrypoint(line:2447) - ERROR - recalc capacity: corecontrast, old_capacity,315 -> new_capacity, 315
__main__ - optimizer_entrypoint(line:2447) - ERROR - recalc capacity: corecontrast, old_capacity,315 -> new_capacity, 315
__main__ - optimizer_entrypoint(line:2443) - ERROR - !!! ERROR !!! Total demand(1208) at sslateingress > total capcity(0) at corecontrast
__main__ - optimizer_entrypoint(line:2447) - ERROR - recalc capacity: corecontrast, old_capacity,303 -> new_capacity, 303
__main__ - optimizer_entrypoint(line:2447) - ERROR - recalc capacity: corecontrast, old_capacity,303 -> new_capacity, 303
__main__ - optimizer_entrypoint(line:2447) - ERROR - recalc capacity: corecontrast, old_capacity,303 -> new_capacity, 303
__main__ - optimizer_entrypoint(line:2447) - ERROR - recalc capacity: corecontrast, old_capacity,303 -> new_capacity, 303
__main__ - optimizer_entrypoint(line:2443) - ERROR - !!! ERROR !!! Total demand(1272) at sslateingress > total capcity(0) at corecontrast
__main__ - optimizer_entrypoint(line:2447) - ERROR - recalc capacity: corecontrast, old_capacity,319 -> new_capacity, 319
__main__ - optimizer_entrypoint(line:2447) - ERROR - recalc capacity: corecontrast, old_capacity,319 -> new_capacity, 319
__main__ - optimizer_entrypoint(line:2447) - ERROR - recalc capacity: corecontrast, old_capacity,319 -> new_capacity, 319
__main__ - optimizer_entrypoint(line:2447) - ERROR - recalc capacity: corecontrast, old_capacity,319 -> new_capacity, 319
__main__ - optimizer_entrypoint(line:2443) - ERROR - !!! ERROR !!! Total demand(1288) at sslateingress > total capcity(0) at corecontrast
__main__ - optimizer_entrypoint(line:2447) - ERROR - recalc capacity: corecontrast, old_capacity,323 -> new_capacity, 323
__main__ - optimizer_entrypoint(line:2447) - ERROR - recalc capacity: corecontrast, old_capacity,323 -> new_capacity, 323
__main__ - optimizer_entrypoint(line:2447) - ERROR - recalc capacity: corecontrast, old_capacity,323 -> new_capacity, 323
__main__ - optimizer_entrypoint(line:2447) - ERROR - recalc capacity: corecontrast, old_capacity,323 -> new_capacity, 323
__main__ - optimizer_entrypoint(line:2443) - ERROR - !!! ERROR !!! Total demand(1213) at sslateingress > total capcity(0) at corecontrast
__main__ - optimizer_entrypoint(line:2447) - ERROR - recalc capacity: corecontrast, old_capacity,304 -> new_capacity, 304
__main__ - optimizer_entrypoint(line:2447) - ERROR - recalc capacity: corecontrast, old_capacity,304 -> new_capacity, 304
__main__ - optimizer_entrypoint(line:2447) - ERROR - recalc capacity: corecontrast, old_capacity,304 -> new_capacity, 304
__main__ - optimizer_entrypoint(line:2447) - ERROR - recalc capacity: corecontrast, old_capacity,304 -> new_capacity, 304
__main__ - optimizer_entrypoint(line:2443) - ERROR - !!! ERROR !!! Total demand(1221) at sslateingress > total capcity(0) at corecontrast
__main__ - optimizer_entrypoint(line:2447) - ERROR - recalc capacity: corecontrast, old_capacity,306 -> new_capacity, 306
__main__ - optimizer_entrypoint(line:2447) - ERROR - recalc capacity: corecontrast, old_capacity,306 -> new_capacity, 306
__main__ - optimizer_entrypoint(line:2447) - ERROR - recalc capacity: corecontrast, old_capacity,306 -> new_capacity, 306
__main__ - optimizer_entrypoint(line:2447) - ERROR - recalc capacity: corecontrast, old_capacity,306 -> new_capacity, 306
__main__ - optimizer_entrypoint(line:2443) - ERROR - !!! ERROR !!! Total demand(1237) at sslateingress > total capcity(0) at corecontrast
__main__ - optimizer_entrypoint(line:2447) - ERROR - recalc capacity: corecontrast, old_capacity,310 -> new_capacity, 310
__main__ - optimizer_entrypoint(line:2447) - ERROR - recalc capacity: corecontrast, old_capacity,310 -> new_capacity, 310
__main__ - optimizer_entrypoint(line:2447) - ERROR - recalc capacity: corecontrast, old_capacity,310 -> new_capacity, 310
__main__ - optimizer_entrypoint(line:2447) - ERROR - recalc capacity: corecontrast, old_capacity,310 -> new_capacity, 310
__main__ - optimizer_entrypoint(line:2443) - ERROR - !!! ERROR !!! Total demand(1228) at sslateingress > total capcity(0) at corecontrast
__main__ - optimizer_entrypoint(line:2447) - ERROR - recalc capacity: corecontrast, old_capacity,308 -> new_capacity, 308
__main__ - optimizer_entrypoint(line:2447) - ERROR - recalc capacity: corecontrast, old_capacity,308 -> new_capacity, 308
__main__ - optimizer_entrypoint(line:2447) - ERROR - recalc capacity: corecontrast, old_capacity,308 -> new_capacity, 308
__main__ - optimizer_entrypoint(line:2447) - ERROR - recalc capacity: corecontrast, old_capacity,308 -> new_capacity, 308
__main__ - optimizer_entrypoint(line:2443) - ERROR - !!! ERROR !!! Total demand(1162) at sslateingress > total capcity(0) at corecontrast
__main__ - optimizer_entrypoint(line:2447) - ERROR - recalc capacity: corecontrast, old_capacity,291 -> new_capacity, 291
__main__ - optimizer_entrypoint(line:2447) - ERROR - recalc capacity: corecontrast, old_capacity,291 -> new_capacity, 291
__main__ - optimizer_entrypoint(line:2447) - ERROR - recalc capacity: corecontrast, old_capacity,291 -> new_capacity, 291
__main__ - optimizer_entrypoint(line:2447) - ERROR - recalc capacity: corecontrast, old_capacity,291 -> new_capacity, 291
__main__ - optimizer_entrypoint(line:2443) - ERROR - !!! ERROR !!! Total demand(1211) at sslateingress > total capcity(0) at corecontrast
__main__ - optimizer_entrypoint(line:2447) - ERROR - recalc capacity: corecontrast, old_capacity,303 -> new_capacity, 303
__main__ - optimizer_entrypoint(line:2447) - ERROR - recalc capacity: corecontrast, old_capacity,303 -> new_capacity, 303
__main__ - optimizer_entrypoint(line:2447) - ERROR - recalc capacity: corecontrast, old_capacity,303 -> new_capacity, 303
__main__ - optimizer_entrypoint(line:2447) - ERROR - recalc capacity: corecontrast, old_capacity,303 -> new_capacity, 303
__main__ - optimizer_entrypoint(line:2443) - ERROR - !!! ERROR !!! Total demand(1275) at sslateingress > total capcity(0) at corecontrast
__main__ - optimizer_entrypoint(line:2447) - ERROR - recalc capacity: corecontrast, old_capacity,319 -> new_capacity, 319
__main__ - optimizer_entrypoint(line:2447) - ERROR - recalc capacity: corecontrast, old_capacity,319 -> new_capacity, 319
__main__ - optimizer_entrypoint(line:2447) - ERROR - recalc capacity: corecontrast, old_capacity,319 -> new_capacity, 319
__main__ - optimizer_entrypoint(line:2447) - ERROR - recalc capacity: corecontrast, old_capacity,319 -> new_capacity, 319
__main__ - optimizer_entrypoint(line:2443) - ERROR - !!! ERROR !!! Total demand(1288) at sslateingress > total capcity(0) at corecontrast
__main__ - optimizer_entrypoint(line:2447) - ERROR - recalc capacity: corecontrast, old_capacity,323 -> new_capacity, 323
__main__ - optimizer_entrypoint(line:2447) - ERROR - recalc capacity: corecontrast, old_capacity,323 -> new_capacity, 323
__main__ - optimizer_entrypoint(line:2447) - ERROR - recalc capacity: corecontrast, old_capacity,323 -> new_capacity, 323
__main__ - optimizer_entrypoint(line:2447) - ERROR - recalc capacity: corecontrast, old_capacity,323 -> new_capacity, 323
__main__ - optimizer_entrypoint(line:2443) - ERROR - !!! ERROR !!! Total demand(1273) at sslateingress > total capcity(0) at corecontrast
__main__ - optimizer_entrypoint(line:2447) - ERROR - recalc capacity: corecontrast, old_capacity,319 -> new_capacity, 319
__main__ - optimizer_entrypoint(line:2447) - ERROR - recalc capacity: corecontrast, old_capacity,319 -> new_capacity, 319
__main__ - optimizer_entrypoint(line:2447) - ERROR - recalc capacity: corecontrast, old_capacity,319 -> new_capacity, 319
__main__ - optimizer_entrypoint(line:2447) - ERROR - recalc capacity: corecontrast, old_capacity,319 -> new_capacity, 319
__main__ - optimizer_entrypoint(line:2443) - ERROR - !!! ERROR !!! Total demand(1219) at sslateingress > total capcity(0) at corecontrast
__main__ - optimizer_entrypoint(line:2447) - ERROR - recalc capacity: corecontrast, old_capacity,305 -> new_capacity, 305
__main__ - optimizer_entrypoint(line:2447) - ERROR - recalc capacity: corecontrast, old_capacity,305 -> new_capacity, 305
__main__ - optimizer_entrypoint(line:2447) - ERROR - recalc capacity: corecontrast, old_capacity,305 -> new_capacity, 305
__main__ - optimizer_entrypoint(line:2447) - ERROR - recalc capacity: corecontrast, old_capacity,305 -> new_capacity, 305
__main__ - optimizer_entrypoint(line:2443) - ERROR - !!! ERROR !!! Total demand(1185) at sslateingress > total capcity(0) at corecontrast
__main__ - optimizer_entrypoint(line:2447) - ERROR - recalc capacity: corecontrast, old_capacity,297 -> new_capacity, 297
__main__ - optimizer_entrypoint(line:2447) - ERROR - recalc capacity: corecontrast, old_capacity,297 -> new_capacity, 297
__main__ - optimizer_entrypoint(line:2447) - ERROR - recalc capacity: corecontrast, old_capacity,297 -> new_capacity, 297
__main__ - optimizer_entrypoint(line:2447) - ERROR - recalc capacity: corecontrast, old_capacity,297 -> new_capacity, 297
__main__ - optimizer_entrypoint(line:2443) - ERROR - !!! ERROR !!! Total demand(1232) at sslateingress > total capcity(0) at corecontrast
__main__ - optimizer_entrypoint(line:2447) - ERROR - recalc capacity: corecontrast, old_capacity,309 -> new_capacity, 309
__main__ - optimizer_entrypoint(line:2447) - ERROR - recalc capacity: corecontrast, old_capacity,309 -> new_capacity, 309
__main__ - optimizer_entrypoint(line:2447) - ERROR - recalc capacity: corecontrast, old_capacity,309 -> new_capacity, 309
__main__ - optimizer_entrypoint(line:2447) - ERROR - recalc capacity: corecontrast, old_capacity,309 -> new_capacity, 309
