__main__ - training_phase(line:3272) - ERROR - [ERROR] trace.csv does not exist.
[ERROR] trace.csv does not exist.
[ERROR] trace.csv does not exist.
[ERROR] trace.csv does not exist.
[ERROR] trace.csv does not exist.
[ERROR] trace.csv does not exist.
[ERROR] trace.csv does not exist.
[ERROR] trace.csv does not exist.
[ERROR] trace.csv does not exist.
[ERROR] trace.csv does not exist.

__main__ - optimizer_entrypoint(line:2406) - ERROR - !!! Skip optimizer !!! all root_node_rps all regions are 0
__main__ - optimizer_entrypoint(line:2406) - ERROR - !!! Skip optimizer !!! all root_node_rps all regions are 0
__main__ - optimizer_entrypoint(line:2406) - ERROR - !!! Skip optimizer !!! all root_node_rps all regions are 0
__main__ - optimizer_entrypoint(line:2406) - ERROR - !!! Skip optimizer !!! all root_node_rps all regions are 0
__main__ - optimizer_entrypoint(line:2406) - ERROR - !!! Skip optimizer !!! all root_node_rps all regions are 0
__main__ - optimizer_entrypoint(line:2419) - ERROR - !!! ERROR !!! Total demand(307) at sslateingress > total capcity(0) at corecontrast
__main__ - optimizer_entrypoint(line:2423) - ERROR - recalc capacity: corecontrast, old_capacity,77 -> new_capacity, 77
__main__ - optimizer_entrypoint(line:2423) - ERROR - recalc capacity: corecontrast, old_capacity,77 -> new_capacity, 77
__main__ - optimizer_entrypoint(line:2423) - ERROR - recalc capacity: corecontrast, old_capacity,77 -> new_capacity, 77
__main__ - optimizer_entrypoint(line:2423) - ERROR - recalc capacity: corecontrast, old_capacity,77 -> new_capacity, 77
__main__ - optimizer_entrypoint(line:2419) - ERROR - !!! ERROR !!! Total demand(1196) at sslateingress > total capcity(0) at corecontrast
__main__ - optimizer_entrypoint(line:2423) - ERROR - recalc capacity: corecontrast, old_capacity,300 -> new_capacity, 300
__main__ - optimizer_entrypoint(line:2423) - ERROR - recalc capacity: corecontrast, old_capacity,300 -> new_capacity, 300
__main__ - optimizer_entrypoint(line:2423) - ERROR - recalc capacity: corecontrast, old_capacity,300 -> new_capacity, 300
__main__ - optimizer_entrypoint(line:2423) - ERROR - recalc capacity: corecontrast, old_capacity,300 -> new_capacity, 300
__main__ - optimizer_entrypoint(line:2419) - ERROR - !!! ERROR !!! Total demand(1208) at sslateingress > total capcity(0) at corecontrast
__main__ - optimizer_entrypoint(line:2423) - ERROR - recalc capacity: corecontrast, old_capacity,303 -> new_capacity, 303
__main__ - optimizer_entrypoint(line:2423) - ERROR - recalc capacity: corecontrast, old_capacity,303 -> new_capacity, 303
__main__ - optimizer_entrypoint(line:2423) - ERROR - recalc capacity: corecontrast, old_capacity,303 -> new_capacity, 303
__main__ - optimizer_entrypoint(line:2423) - ERROR - recalc capacity: corecontrast, old_capacity,303 -> new_capacity, 303
__main__ - optimizer_entrypoint(line:2419) - ERROR - !!! ERROR !!! Total demand(1225) at sslateingress > total capcity(0) at corecontrast
__main__ - optimizer_entrypoint(line:2423) - ERROR - recalc capacity: corecontrast, old_capacity,307 -> new_capacity, 307
__main__ - optimizer_entrypoint(line:2423) - ERROR - recalc capacity: corecontrast, old_capacity,307 -> new_capacity, 307
__main__ - optimizer_entrypoint(line:2423) - ERROR - recalc capacity: corecontrast, old_capacity,307 -> new_capacity, 307
__main__ - optimizer_entrypoint(line:2423) - ERROR - recalc capacity: corecontrast, old_capacity,307 -> new_capacity, 307
__main__ - optimizer_entrypoint(line:2419) - ERROR - !!! ERROR !!! Total demand(1245) at sslateingress > total capcity(0) at corecontrast
__main__ - optimizer_entrypoint(line:2423) - ERROR - recalc capacity: corecontrast, old_capacity,312 -> new_capacity, 312
__main__ - optimizer_entrypoint(line:2423) - ERROR - recalc capacity: corecontrast, old_capacity,312 -> new_capacity, 312
__main__ - optimizer_entrypoint(line:2423) - ERROR - recalc capacity: corecontrast, old_capacity,312 -> new_capacity, 312
__main__ - optimizer_entrypoint(line:2423) - ERROR - recalc capacity: corecontrast, old_capacity,312 -> new_capacity, 312
__main__ - optimizer_entrypoint(line:2419) - ERROR - !!! ERROR !!! Total demand(1230) at sslateingress > total capcity(0) at corecontrast
__main__ - optimizer_entrypoint(line:2423) - ERROR - recalc capacity: corecontrast, old_capacity,308 -> new_capacity, 308
__main__ - optimizer_entrypoint(line:2423) - ERROR - recalc capacity: corecontrast, old_capacity,308 -> new_capacity, 308
__main__ - optimizer_entrypoint(line:2423) - ERROR - recalc capacity: corecontrast, old_capacity,308 -> new_capacity, 308
__main__ - optimizer_entrypoint(line:2423) - ERROR - recalc capacity: corecontrast, old_capacity,308 -> new_capacity, 308
__main__ - optimizer_entrypoint(line:2419) - ERROR - !!! ERROR !!! Total demand(1239) at sslateingress > total capcity(0) at corecontrast
__main__ - optimizer_entrypoint(line:2423) - ERROR - recalc capacity: corecontrast, old_capacity,310 -> new_capacity, 310
__main__ - optimizer_entrypoint(line:2423) - ERROR - recalc capacity: corecontrast, old_capacity,310 -> new_capacity, 310
__main__ - optimizer_entrypoint(line:2423) - ERROR - recalc capacity: corecontrast, old_capacity,310 -> new_capacity, 310
__main__ - optimizer_entrypoint(line:2423) - ERROR - recalc capacity: corecontrast, old_capacity,310 -> new_capacity, 310
__main__ - optimizer_entrypoint(line:2419) - ERROR - !!! ERROR !!! Total demand(1212) at sslateingress > total capcity(0) at corecontrast
__main__ - optimizer_entrypoint(line:2423) - ERROR - recalc capacity: corecontrast, old_capacity,304 -> new_capacity, 304
__main__ - optimizer_entrypoint(line:2423) - ERROR - recalc capacity: corecontrast, old_capacity,304 -> new_capacity, 304
__main__ - optimizer_entrypoint(line:2423) - ERROR - recalc capacity: corecontrast, old_capacity,304 -> new_capacity, 304
__main__ - optimizer_entrypoint(line:2423) - ERROR - recalc capacity: corecontrast, old_capacity,304 -> new_capacity, 304
__main__ - optimizer_entrypoint(line:2419) - ERROR - !!! ERROR !!! Total demand(1224) at sslateingress > total capcity(0) at corecontrast
__main__ - optimizer_entrypoint(line:2423) - ERROR - recalc capacity: corecontrast, old_capacity,307 -> new_capacity, 307
__main__ - optimizer_entrypoint(line:2423) - ERROR - recalc capacity: corecontrast, old_capacity,307 -> new_capacity, 307
__main__ - optimizer_entrypoint(line:2423) - ERROR - recalc capacity: corecontrast, old_capacity,307 -> new_capacity, 307
__main__ - optimizer_entrypoint(line:2423) - ERROR - recalc capacity: corecontrast, old_capacity,307 -> new_capacity, 307
__main__ - optimizer_entrypoint(line:2419) - ERROR - !!! ERROR !!! Total demand(1241) at sslateingress > total capcity(0) at corecontrast
__main__ - optimizer_entrypoint(line:2423) - ERROR - recalc capacity: corecontrast, old_capacity,311 -> new_capacity, 311
__main__ - optimizer_entrypoint(line:2423) - ERROR - recalc capacity: corecontrast, old_capacity,311 -> new_capacity, 311
__main__ - optimizer_entrypoint(line:2423) - ERROR - recalc capacity: corecontrast, old_capacity,311 -> new_capacity, 311
__main__ - optimizer_entrypoint(line:2423) - ERROR - recalc capacity: corecontrast, old_capacity,311 -> new_capacity, 311
__main__ - optimizer_entrypoint(line:2419) - ERROR - !!! ERROR !!! Total demand(1240) at sslateingress > total capcity(0) at corecontrast
__main__ - optimizer_entrypoint(line:2423) - ERROR - recalc capacity: corecontrast, old_capacity,311 -> new_capacity, 311
__main__ - optimizer_entrypoint(line:2423) - ERROR - recalc capacity: corecontrast, old_capacity,311 -> new_capacity, 311
__main__ - optimizer_entrypoint(line:2423) - ERROR - recalc capacity: corecontrast, old_capacity,311 -> new_capacity, 311
__main__ - optimizer_entrypoint(line:2423) - ERROR - recalc capacity: corecontrast, old_capacity,311 -> new_capacity, 311
__main__ - optimizer_entrypoint(line:2419) - ERROR - !!! ERROR !!! Total demand(1229) at sslateingress > total capcity(0) at corecontrast
__main__ - optimizer_entrypoint(line:2423) - ERROR - recalc capacity: corecontrast, old_capacity,308 -> new_capacity, 308
__main__ - optimizer_entrypoint(line:2423) - ERROR - recalc capacity: corecontrast, old_capacity,308 -> new_capacity, 308
__main__ - optimizer_entrypoint(line:2423) - ERROR - recalc capacity: corecontrast, old_capacity,308 -> new_capacity, 308
__main__ - optimizer_entrypoint(line:2423) - ERROR - recalc capacity: corecontrast, old_capacity,308 -> new_capacity, 308
__main__ - optimizer_entrypoint(line:2419) - ERROR - !!! ERROR !!! Total demand(1220) at sslateingress > total capcity(0) at corecontrast
__main__ - optimizer_entrypoint(line:2423) - ERROR - recalc capacity: corecontrast, old_capacity,306 -> new_capacity, 306
__main__ - optimizer_entrypoint(line:2423) - ERROR - recalc capacity: corecontrast, old_capacity,306 -> new_capacity, 306
__main__ - optimizer_entrypoint(line:2423) - ERROR - recalc capacity: corecontrast, old_capacity,306 -> new_capacity, 306
__main__ - optimizer_entrypoint(line:2423) - ERROR - recalc capacity: corecontrast, old_capacity,306 -> new_capacity, 306
__main__ - optimizer_entrypoint(line:2419) - ERROR - !!! ERROR !!! Total demand(1205) at sslateingress > total capcity(0) at corecontrast
__main__ - optimizer_entrypoint(line:2423) - ERROR - recalc capacity: corecontrast, old_capacity,302 -> new_capacity, 302
__main__ - optimizer_entrypoint(line:2423) - ERROR - recalc capacity: corecontrast, old_capacity,302 -> new_capacity, 302
__main__ - optimizer_entrypoint(line:2423) - ERROR - recalc capacity: corecontrast, old_capacity,302 -> new_capacity, 302
__main__ - optimizer_entrypoint(line:2423) - ERROR - recalc capacity: corecontrast, old_capacity,302 -> new_capacity, 302
__main__ - optimizer_entrypoint(line:2419) - ERROR - !!! ERROR !!! Total demand(1233) at sslateingress > total capcity(0) at corecontrast
__main__ - optimizer_entrypoint(line:2423) - ERROR - recalc capacity: corecontrast, old_capacity,309 -> new_capacity, 309
__main__ - optimizer_entrypoint(line:2423) - ERROR - recalc capacity: corecontrast, old_capacity,309 -> new_capacity, 309
__main__ - optimizer_entrypoint(line:2423) - ERROR - recalc capacity: corecontrast, old_capacity,309 -> new_capacity, 309
__main__ - optimizer_entrypoint(line:2423) - ERROR - recalc capacity: corecontrast, old_capacity,309 -> new_capacity, 309
__main__ - optimizer_entrypoint(line:2419) - ERROR - !!! ERROR !!! Total demand(1233) at sslateingress > total capcity(0) at corecontrast
__main__ - optimizer_entrypoint(line:2423) - ERROR - recalc capacity: corecontrast, old_capacity,309 -> new_capacity, 309
__main__ - optimizer_entrypoint(line:2423) - ERROR - recalc capacity: corecontrast, old_capacity,309 -> new_capacity, 309
__main__ - optimizer_entrypoint(line:2423) - ERROR - recalc capacity: corecontrast, old_capacity,309 -> new_capacity, 309
__main__ - optimizer_entrypoint(line:2423) - ERROR - recalc capacity: corecontrast, old_capacity,309 -> new_capacity, 309
__main__ - optimizer_entrypoint(line:2419) - ERROR - !!! ERROR !!! Total demand(1233) at sslateingress > total capcity(0) at corecontrast
__main__ - optimizer_entrypoint(line:2423) - ERROR - recalc capacity: corecontrast, old_capacity,309 -> new_capacity, 309
__main__ - optimizer_entrypoint(line:2423) - ERROR - recalc capacity: corecontrast, old_capacity,309 -> new_capacity, 309
__main__ - optimizer_entrypoint(line:2423) - ERROR - recalc capacity: corecontrast, old_capacity,309 -> new_capacity, 309
__main__ - optimizer_entrypoint(line:2423) - ERROR - recalc capacity: corecontrast, old_capacity,309 -> new_capacity, 309
__main__ - optimizer_entrypoint(line:2419) - ERROR - !!! ERROR !!! Total demand(1252) at sslateingress > total capcity(0) at corecontrast
__main__ - optimizer_entrypoint(line:2423) - ERROR - recalc capacity: corecontrast, old_capacity,314 -> new_capacity, 314
__main__ - optimizer_entrypoint(line:2423) - ERROR - recalc capacity: corecontrast, old_capacity,314 -> new_capacity, 314
__main__ - optimizer_entrypoint(line:2423) - ERROR - recalc capacity: corecontrast, old_capacity,314 -> new_capacity, 314
__main__ - optimizer_entrypoint(line:2423) - ERROR - recalc capacity: corecontrast, old_capacity,314 -> new_capacity, 314
__main__ - optimizer_entrypoint(line:2419) - ERROR - !!! ERROR !!! Total demand(1220) at sslateingress > total capcity(0) at corecontrast
__main__ - optimizer_entrypoint(line:2423) - ERROR - recalc capacity: corecontrast, old_capacity,306 -> new_capacity, 306
__main__ - optimizer_entrypoint(line:2423) - ERROR - recalc capacity: corecontrast, old_capacity,306 -> new_capacity, 306
__main__ - optimizer_entrypoint(line:2423) - ERROR - recalc capacity: corecontrast, old_capacity,306 -> new_capacity, 306
__main__ - optimizer_entrypoint(line:2423) - ERROR - recalc capacity: corecontrast, old_capacity,306 -> new_capacity, 306
__main__ - optimizer_entrypoint(line:2419) - ERROR - !!! ERROR !!! Total demand(1232) at sslateingress > total capcity(0) at corecontrast
__main__ - optimizer_entrypoint(line:2423) - ERROR - recalc capacity: corecontrast, old_capacity,309 -> new_capacity, 309
__main__ - optimizer_entrypoint(line:2423) - ERROR - recalc capacity: corecontrast, old_capacity,309 -> new_capacity, 309
__main__ - optimizer_entrypoint(line:2423) - ERROR - recalc capacity: corecontrast, old_capacity,309 -> new_capacity, 309
__main__ - optimizer_entrypoint(line:2423) - ERROR - recalc capacity: corecontrast, old_capacity,309 -> new_capacity, 309
__main__ - optimizer_entrypoint(line:2419) - ERROR - !!! ERROR !!! Total demand(1217) at sslateingress > total capcity(0) at corecontrast
__main__ - optimizer_entrypoint(line:2423) - ERROR - recalc capacity: corecontrast, old_capacity,305 -> new_capacity, 305
__main__ - optimizer_entrypoint(line:2423) - ERROR - recalc capacity: corecontrast, old_capacity,305 -> new_capacity, 305
__main__ - optimizer_entrypoint(line:2423) - ERROR - recalc capacity: corecontrast, old_capacity,305 -> new_capacity, 305
__main__ - optimizer_entrypoint(line:2423) - ERROR - recalc capacity: corecontrast, old_capacity,305 -> new_capacity, 305
__main__ - optimizer_entrypoint(line:2419) - ERROR - !!! ERROR !!! Total demand(1209) at sslateingress > total capcity(0) at corecontrast
__main__ - optimizer_entrypoint(line:2423) - ERROR - recalc capacity: corecontrast, old_capacity,303 -> new_capacity, 303
__main__ - optimizer_entrypoint(line:2423) - ERROR - recalc capacity: corecontrast, old_capacity,303 -> new_capacity, 303
__main__ - optimizer_entrypoint(line:2423) - ERROR - recalc capacity: corecontrast, old_capacity,303 -> new_capacity, 303
__main__ - optimizer_entrypoint(line:2423) - ERROR - recalc capacity: corecontrast, old_capacity,303 -> new_capacity, 303
__main__ - optimizer_entrypoint(line:2419) - ERROR - !!! ERROR !!! Total demand(1225) at sslateingress > total capcity(0) at corecontrast
__main__ - optimizer_entrypoint(line:2423) - ERROR - recalc capacity: corecontrast, old_capacity,307 -> new_capacity, 307
__main__ - optimizer_entrypoint(line:2423) - ERROR - recalc capacity: corecontrast, old_capacity,307 -> new_capacity, 307
__main__ - optimizer_entrypoint(line:2423) - ERROR - recalc capacity: corecontrast, old_capacity,307 -> new_capacity, 307
__main__ - optimizer_entrypoint(line:2423) - ERROR - recalc capacity: corecontrast, old_capacity,307 -> new_capacity, 307
__main__ - optimizer_entrypoint(line:2419) - ERROR - !!! ERROR !!! Total demand(1247) at sslateingress > total capcity(0) at corecontrast
__main__ - optimizer_entrypoint(line:2423) - ERROR - recalc capacity: corecontrast, old_capacity,312 -> new_capacity, 312
__main__ - optimizer_entrypoint(line:2423) - ERROR - recalc capacity: corecontrast, old_capacity,312 -> new_capacity, 312
__main__ - optimizer_entrypoint(line:2423) - ERROR - recalc capacity: corecontrast, old_capacity,312 -> new_capacity, 312
__main__ - optimizer_entrypoint(line:2423) - ERROR - recalc capacity: corecontrast, old_capacity,312 -> new_capacity, 312
__main__ - optimizer_entrypoint(line:2419) - ERROR - !!! ERROR !!! Total demand(1258) at sslateingress > total capcity(0) at corecontrast
__main__ - optimizer_entrypoint(line:2423) - ERROR - recalc capacity: corecontrast, old_capacity,315 -> new_capacity, 315
__main__ - optimizer_entrypoint(line:2423) - ERROR - recalc capacity: corecontrast, old_capacity,315 -> new_capacity, 315
__main__ - optimizer_entrypoint(line:2423) - ERROR - recalc capacity: corecontrast, old_capacity,315 -> new_capacity, 315
__main__ - optimizer_entrypoint(line:2423) - ERROR - recalc capacity: corecontrast, old_capacity,315 -> new_capacity, 315
__main__ - optimizer_entrypoint(line:2419) - ERROR - !!! ERROR !!! Total demand(1236) at sslateingress > total capcity(0) at corecontrast
__main__ - optimizer_entrypoint(line:2423) - ERROR - recalc capacity: corecontrast, old_capacity,310 -> new_capacity, 310
__main__ - optimizer_entrypoint(line:2423) - ERROR - recalc capacity: corecontrast, old_capacity,310 -> new_capacity, 310
__main__ - optimizer_entrypoint(line:2423) - ERROR - recalc capacity: corecontrast, old_capacity,310 -> new_capacity, 310
__main__ - optimizer_entrypoint(line:2423) - ERROR - recalc capacity: corecontrast, old_capacity,310 -> new_capacity, 310
__main__ - optimizer_entrypoint(line:2419) - ERROR - !!! ERROR !!! Total demand(1214) at sslateingress > total capcity(0) at corecontrast
__main__ - optimizer_entrypoint(line:2423) - ERROR - recalc capacity: corecontrast, old_capacity,304 -> new_capacity, 304
__main__ - optimizer_entrypoint(line:2423) - ERROR - recalc capacity: corecontrast, old_capacity,304 -> new_capacity, 304
__main__ - optimizer_entrypoint(line:2423) - ERROR - recalc capacity: corecontrast, old_capacity,304 -> new_capacity, 304
__main__ - optimizer_entrypoint(line:2423) - ERROR - recalc capacity: corecontrast, old_capacity,304 -> new_capacity, 304
__main__ - optimizer_entrypoint(line:2419) - ERROR - !!! ERROR !!! Total demand(1203) at sslateingress > total capcity(0) at corecontrast
__main__ - optimizer_entrypoint(line:2423) - ERROR - recalc capacity: corecontrast, old_capacity,301 -> new_capacity, 301
__main__ - optimizer_entrypoint(line:2423) - ERROR - recalc capacity: corecontrast, old_capacity,301 -> new_capacity, 301
__main__ - optimizer_entrypoint(line:2423) - ERROR - recalc capacity: corecontrast, old_capacity,301 -> new_capacity, 301
__main__ - optimizer_entrypoint(line:2423) - ERROR - recalc capacity: corecontrast, old_capacity,301 -> new_capacity, 301
__main__ - optimizer_entrypoint(line:2419) - ERROR - !!! ERROR !!! Total demand(1214) at sslateingress > total capcity(0) at corecontrast
__main__ - optimizer_entrypoint(line:2423) - ERROR - recalc capacity: corecontrast, old_capacity,304 -> new_capacity, 304
__main__ - optimizer_entrypoint(line:2423) - ERROR - recalc capacity: corecontrast, old_capacity,304 -> new_capacity, 304
__main__ - optimizer_entrypoint(line:2423) - ERROR - recalc capacity: corecontrast, old_capacity,304 -> new_capacity, 304
__main__ - optimizer_entrypoint(line:2423) - ERROR - recalc capacity: corecontrast, old_capacity,304 -> new_capacity, 304
__main__ - optimizer_entrypoint(line:2419) - ERROR - !!! ERROR !!! Total demand(1224) at sslateingress > total capcity(0) at corecontrast
__main__ - optimizer_entrypoint(line:2423) - ERROR - recalc capacity: corecontrast, old_capacity,307 -> new_capacity, 307
__main__ - optimizer_entrypoint(line:2423) - ERROR - recalc capacity: corecontrast, old_capacity,307 -> new_capacity, 307
__main__ - optimizer_entrypoint(line:2423) - ERROR - recalc capacity: corecontrast, old_capacity,307 -> new_capacity, 307
__main__ - optimizer_entrypoint(line:2423) - ERROR - recalc capacity: corecontrast, old_capacity,307 -> new_capacity, 307
__main__ - optimizer_entrypoint(line:2419) - ERROR - !!! ERROR !!! Total demand(1237) at sslateingress > total capcity(0) at corecontrast
__main__ - optimizer_entrypoint(line:2423) - ERROR - recalc capacity: corecontrast, old_capacity,310 -> new_capacity, 310
__main__ - optimizer_entrypoint(line:2423) - ERROR - recalc capacity: corecontrast, old_capacity,310 -> new_capacity, 310
__main__ - optimizer_entrypoint(line:2423) - ERROR - recalc capacity: corecontrast, old_capacity,310 -> new_capacity, 310
__main__ - optimizer_entrypoint(line:2423) - ERROR - recalc capacity: corecontrast, old_capacity,310 -> new_capacity, 310
__main__ - optimizer_entrypoint(line:2419) - ERROR - !!! ERROR !!! Total demand(1224) at sslateingress > total capcity(0) at corecontrast
__main__ - optimizer_entrypoint(line:2423) - ERROR - recalc capacity: corecontrast, old_capacity,307 -> new_capacity, 307
__main__ - optimizer_entrypoint(line:2423) - ERROR - recalc capacity: corecontrast, old_capacity,307 -> new_capacity, 307
__main__ - optimizer_entrypoint(line:2423) - ERROR - recalc capacity: corecontrast, old_capacity,307 -> new_capacity, 307
__main__ - optimizer_entrypoint(line:2423) - ERROR - recalc capacity: corecontrast, old_capacity,307 -> new_capacity, 307
__main__ - optimizer_entrypoint(line:2419) - ERROR - !!! ERROR !!! Total demand(1218) at sslateingress > total capcity(0) at corecontrast
__main__ - optimizer_entrypoint(line:2423) - ERROR - recalc capacity: corecontrast, old_capacity,305 -> new_capacity, 305
__main__ - optimizer_entrypoint(line:2423) - ERROR - recalc capacity: corecontrast, old_capacity,305 -> new_capacity, 305
__main__ - optimizer_entrypoint(line:2423) - ERROR - recalc capacity: corecontrast, old_capacity,305 -> new_capacity, 305
__main__ - optimizer_entrypoint(line:2423) - ERROR - recalc capacity: corecontrast, old_capacity,305 -> new_capacity, 305
__main__ - optimizer_entrypoint(line:2419) - ERROR - !!! ERROR !!! Total demand(1209) at sslateingress > total capcity(0) at corecontrast
__main__ - optimizer_entrypoint(line:2423) - ERROR - recalc capacity: corecontrast, old_capacity,303 -> new_capacity, 303
__main__ - optimizer_entrypoint(line:2423) - ERROR - recalc capacity: corecontrast, old_capacity,303 -> new_capacity, 303
__main__ - optimizer_entrypoint(line:2423) - ERROR - recalc capacity: corecontrast, old_capacity,303 -> new_capacity, 303
__main__ - optimizer_entrypoint(line:2423) - ERROR - recalc capacity: corecontrast, old_capacity,303 -> new_capacity, 303
__main__ - optimizer_entrypoint(line:2419) - ERROR - !!! ERROR !!! Total demand(1232) at sslateingress > total capcity(0) at corecontrast
__main__ - optimizer_entrypoint(line:2423) - ERROR - recalc capacity: corecontrast, old_capacity,309 -> new_capacity, 309
__main__ - optimizer_entrypoint(line:2423) - ERROR - recalc capacity: corecontrast, old_capacity,309 -> new_capacity, 309
__main__ - optimizer_entrypoint(line:2423) - ERROR - recalc capacity: corecontrast, old_capacity,309 -> new_capacity, 309
__main__ - optimizer_entrypoint(line:2423) - ERROR - recalc capacity: corecontrast, old_capacity,309 -> new_capacity, 309
__main__ - optimizer_entrypoint(line:2419) - ERROR - !!! ERROR !!! Total demand(1221) at sslateingress > total capcity(0) at corecontrast
__main__ - optimizer_entrypoint(line:2423) - ERROR - recalc capacity: corecontrast, old_capacity,306 -> new_capacity, 306
__main__ - optimizer_entrypoint(line:2423) - ERROR - recalc capacity: corecontrast, old_capacity,306 -> new_capacity, 306
__main__ - optimizer_entrypoint(line:2423) - ERROR - recalc capacity: corecontrast, old_capacity,306 -> new_capacity, 306
__main__ - optimizer_entrypoint(line:2423) - ERROR - recalc capacity: corecontrast, old_capacity,306 -> new_capacity, 306
__main__ - optimizer_entrypoint(line:2419) - ERROR - !!! ERROR !!! Total demand(1189) at sslateingress > total capcity(0) at corecontrast
__main__ - optimizer_entrypoint(line:2423) - ERROR - recalc capacity: corecontrast, old_capacity,298 -> new_capacity, 298
__main__ - optimizer_entrypoint(line:2423) - ERROR - recalc capacity: corecontrast, old_capacity,298 -> new_capacity, 298
__main__ - optimizer_entrypoint(line:2423) - ERROR - recalc capacity: corecontrast, old_capacity,298 -> new_capacity, 298
__main__ - optimizer_entrypoint(line:2423) - ERROR - recalc capacity: corecontrast, old_capacity,298 -> new_capacity, 298
__main__ - optimizer_entrypoint(line:2419) - ERROR - !!! ERROR !!! Total demand(1224) at sslateingress > total capcity(0) at corecontrast
__main__ - optimizer_entrypoint(line:2423) - ERROR - recalc capacity: corecontrast, old_capacity,307 -> new_capacity, 307
__main__ - optimizer_entrypoint(line:2423) - ERROR - recalc capacity: corecontrast, old_capacity,307 -> new_capacity, 307
__main__ - optimizer_entrypoint(line:2423) - ERROR - recalc capacity: corecontrast, old_capacity,307 -> new_capacity, 307
__main__ - optimizer_entrypoint(line:2423) - ERROR - recalc capacity: corecontrast, old_capacity,307 -> new_capacity, 307
__main__ - optimizer_entrypoint(line:2419) - ERROR - !!! ERROR !!! Total demand(1233) at sslateingress > total capcity(0) at corecontrast
__main__ - optimizer_entrypoint(line:2423) - ERROR - recalc capacity: corecontrast, old_capacity,309 -> new_capacity, 309
__main__ - optimizer_entrypoint(line:2423) - ERROR - recalc capacity: corecontrast, old_capacity,309 -> new_capacity, 309
__main__ - optimizer_entrypoint(line:2423) - ERROR - recalc capacity: corecontrast, old_capacity,309 -> new_capacity, 309
__main__ - optimizer_entrypoint(line:2423) - ERROR - recalc capacity: corecontrast, old_capacity,309 -> new_capacity, 309
__main__ - optimizer_entrypoint(line:2419) - ERROR - !!! ERROR !!! Total demand(1218) at sslateingress > total capcity(0) at corecontrast
__main__ - optimizer_entrypoint(line:2423) - ERROR - recalc capacity: corecontrast, old_capacity,305 -> new_capacity, 305
__main__ - optimizer_entrypoint(line:2423) - ERROR - recalc capacity: corecontrast, old_capacity,305 -> new_capacity, 305
__main__ - optimizer_entrypoint(line:2423) - ERROR - recalc capacity: corecontrast, old_capacity,305 -> new_capacity, 305
__main__ - optimizer_entrypoint(line:2423) - ERROR - recalc capacity: corecontrast, old_capacity,305 -> new_capacity, 305
__main__ - optimizer_entrypoint(line:2419) - ERROR - !!! ERROR !!! Total demand(1216) at sslateingress > total capcity(0) at corecontrast
__main__ - optimizer_entrypoint(line:2423) - ERROR - recalc capacity: corecontrast, old_capacity,305 -> new_capacity, 305
__main__ - optimizer_entrypoint(line:2423) - ERROR - recalc capacity: corecontrast, old_capacity,305 -> new_capacity, 305
__main__ - optimizer_entrypoint(line:2423) - ERROR - recalc capacity: corecontrast, old_capacity,305 -> new_capacity, 305
__main__ - optimizer_entrypoint(line:2423) - ERROR - recalc capacity: corecontrast, old_capacity,305 -> new_capacity, 305
__main__ - optimizer_entrypoint(line:2419) - ERROR - !!! ERROR !!! Total demand(1219) at sslateingress > total capcity(0) at corecontrast
__main__ - optimizer_entrypoint(line:2423) - ERROR - recalc capacity: corecontrast, old_capacity,305 -> new_capacity, 305
__main__ - optimizer_entrypoint(line:2423) - ERROR - recalc capacity: corecontrast, old_capacity,305 -> new_capacity, 305
__main__ - optimizer_entrypoint(line:2423) - ERROR - recalc capacity: corecontrast, old_capacity,305 -> new_capacity, 305
__main__ - optimizer_entrypoint(line:2423) - ERROR - recalc capacity: corecontrast, old_capacity,305 -> new_capacity, 305
__main__ - optimizer_entrypoint(line:2419) - ERROR - !!! ERROR !!! Total demand(1217) at sslateingress > total capcity(0) at corecontrast
__main__ - optimizer_entrypoint(line:2423) - ERROR - recalc capacity: corecontrast, old_capacity,305 -> new_capacity, 305
__main__ - optimizer_entrypoint(line:2423) - ERROR - recalc capacity: corecontrast, old_capacity,305 -> new_capacity, 305
__main__ - optimizer_entrypoint(line:2423) - ERROR - recalc capacity: corecontrast, old_capacity,305 -> new_capacity, 305
__main__ - optimizer_entrypoint(line:2423) - ERROR - recalc capacity: corecontrast, old_capacity,305 -> new_capacity, 305
__main__ - optimizer_entrypoint(line:2419) - ERROR - !!! ERROR !!! Total demand(1223) at sslateingress > total capcity(0) at corecontrast
__main__ - optimizer_entrypoint(line:2423) - ERROR - recalc capacity: corecontrast, old_capacity,306 -> new_capacity, 306
__main__ - optimizer_entrypoint(line:2423) - ERROR - recalc capacity: corecontrast, old_capacity,306 -> new_capacity, 306
__main__ - optimizer_entrypoint(line:2423) - ERROR - recalc capacity: corecontrast, old_capacity,306 -> new_capacity, 306
__main__ - optimizer_entrypoint(line:2423) - ERROR - recalc capacity: corecontrast, old_capacity,306 -> new_capacity, 306
__main__ - optimizer_entrypoint(line:2419) - ERROR - !!! ERROR !!! Total demand(1239) at sslateingress > total capcity(0) at corecontrast
__main__ - optimizer_entrypoint(line:2423) - ERROR - recalc capacity: corecontrast, old_capacity,310 -> new_capacity, 310
__main__ - optimizer_entrypoint(line:2423) - ERROR - recalc capacity: corecontrast, old_capacity,310 -> new_capacity, 310
__main__ - optimizer_entrypoint(line:2423) - ERROR - recalc capacity: corecontrast, old_capacity,310 -> new_capacity, 310
__main__ - optimizer_entrypoint(line:2423) - ERROR - recalc capacity: corecontrast, old_capacity,310 -> new_capacity, 310
__main__ - optimizer_entrypoint(line:2419) - ERROR - !!! ERROR !!! Total demand(1246) at sslateingress > total capcity(0) at corecontrast
__main__ - optimizer_entrypoint(line:2423) - ERROR - recalc capacity: corecontrast, old_capacity,312 -> new_capacity, 312
__main__ - optimizer_entrypoint(line:2423) - ERROR - recalc capacity: corecontrast, old_capacity,312 -> new_capacity, 312
__main__ - optimizer_entrypoint(line:2423) - ERROR - recalc capacity: corecontrast, old_capacity,312 -> new_capacity, 312
__main__ - optimizer_entrypoint(line:2423) - ERROR - recalc capacity: corecontrast, old_capacity,312 -> new_capacity, 312
__main__ - optimizer_entrypoint(line:2419) - ERROR - !!! ERROR !!! Total demand(1247) at sslateingress > total capcity(0) at corecontrast
__main__ - optimizer_entrypoint(line:2423) - ERROR - recalc capacity: corecontrast, old_capacity,312 -> new_capacity, 312
__main__ - optimizer_entrypoint(line:2423) - ERROR - recalc capacity: corecontrast, old_capacity,312 -> new_capacity, 312
__main__ - optimizer_entrypoint(line:2423) - ERROR - recalc capacity: corecontrast, old_capacity,312 -> new_capacity, 312
__main__ - optimizer_entrypoint(line:2423) - ERROR - recalc capacity: corecontrast, old_capacity,312 -> new_capacity, 312
__main__ - optimizer_entrypoint(line:2419) - ERROR - !!! ERROR !!! Total demand(1221) at sslateingress > total capcity(0) at corecontrast
__main__ - optimizer_entrypoint(line:2423) - ERROR - recalc capacity: corecontrast, old_capacity,306 -> new_capacity, 306
__main__ - optimizer_entrypoint(line:2423) - ERROR - recalc capacity: corecontrast, old_capacity,306 -> new_capacity, 306
__main__ - optimizer_entrypoint(line:2423) - ERROR - recalc capacity: corecontrast, old_capacity,306 -> new_capacity, 306
__main__ - optimizer_entrypoint(line:2423) - ERROR - recalc capacity: corecontrast, old_capacity,306 -> new_capacity, 306
__main__ - optimizer_entrypoint(line:2419) - ERROR - !!! ERROR !!! Total demand(1238) at sslateingress > total capcity(0) at corecontrast
__main__ - optimizer_entrypoint(line:2423) - ERROR - recalc capacity: corecontrast, old_capacity,310 -> new_capacity, 310
__main__ - optimizer_entrypoint(line:2423) - ERROR - recalc capacity: corecontrast, old_capacity,310 -> new_capacity, 310
__main__ - optimizer_entrypoint(line:2423) - ERROR - recalc capacity: corecontrast, old_capacity,310 -> new_capacity, 310
__main__ - optimizer_entrypoint(line:2423) - ERROR - recalc capacity: corecontrast, old_capacity,310 -> new_capacity, 310
__main__ - optimizer_entrypoint(line:2419) - ERROR - !!! ERROR !!! Total demand(1210) at sslateingress > total capcity(0) at corecontrast
__main__ - optimizer_entrypoint(line:2423) - ERROR - recalc capacity: corecontrast, old_capacity,303 -> new_capacity, 303
__main__ - optimizer_entrypoint(line:2423) - ERROR - recalc capacity: corecontrast, old_capacity,303 -> new_capacity, 303
__main__ - optimizer_entrypoint(line:2423) - ERROR - recalc capacity: corecontrast, old_capacity,303 -> new_capacity, 303
__main__ - optimizer_entrypoint(line:2423) - ERROR - recalc capacity: corecontrast, old_capacity,303 -> new_capacity, 303
__main__ - optimizer_entrypoint(line:2419) - ERROR - !!! ERROR !!! Total demand(1268) at sslateingress > total capcity(0) at corecontrast
__main__ - optimizer_entrypoint(line:2423) - ERROR - recalc capacity: corecontrast, old_capacity,318 -> new_capacity, 318
__main__ - optimizer_entrypoint(line:2423) - ERROR - recalc capacity: corecontrast, old_capacity,318 -> new_capacity, 318
__main__ - optimizer_entrypoint(line:2423) - ERROR - recalc capacity: corecontrast, old_capacity,318 -> new_capacity, 318
__main__ - optimizer_entrypoint(line:2423) - ERROR - recalc capacity: corecontrast, old_capacity,318 -> new_capacity, 318
__main__ - optimizer_entrypoint(line:2419) - ERROR - !!! ERROR !!! Total demand(1248) at sslateingress > total capcity(0) at corecontrast
__main__ - optimizer_entrypoint(line:2423) - ERROR - recalc capacity: corecontrast, old_capacity,313 -> new_capacity, 313
__main__ - optimizer_entrypoint(line:2423) - ERROR - recalc capacity: corecontrast, old_capacity,313 -> new_capacity, 313
__main__ - optimizer_entrypoint(line:2423) - ERROR - recalc capacity: corecontrast, old_capacity,313 -> new_capacity, 313
__main__ - optimizer_entrypoint(line:2423) - ERROR - recalc capacity: corecontrast, old_capacity,313 -> new_capacity, 313
__main__ - optimizer_entrypoint(line:2419) - ERROR - !!! ERROR !!! Total demand(1237) at sslateingress > total capcity(0) at corecontrast
__main__ - optimizer_entrypoint(line:2423) - ERROR - recalc capacity: corecontrast, old_capacity,310 -> new_capacity, 310
__main__ - optimizer_entrypoint(line:2423) - ERROR - recalc capacity: corecontrast, old_capacity,310 -> new_capacity, 310
__main__ - optimizer_entrypoint(line:2423) - ERROR - recalc capacity: corecontrast, old_capacity,310 -> new_capacity, 310
__main__ - optimizer_entrypoint(line:2423) - ERROR - recalc capacity: corecontrast, old_capacity,310 -> new_capacity, 310
__main__ - optimizer_entrypoint(line:2419) - ERROR - !!! ERROR !!! Total demand(1222) at sslateingress > total capcity(0) at corecontrast
__main__ - optimizer_entrypoint(line:2423) - ERROR - recalc capacity: corecontrast, old_capacity,306 -> new_capacity, 306
__main__ - optimizer_entrypoint(line:2423) - ERROR - recalc capacity: corecontrast, old_capacity,306 -> new_capacity, 306
__main__ - optimizer_entrypoint(line:2423) - ERROR - recalc capacity: corecontrast, old_capacity,306 -> new_capacity, 306
__main__ - optimizer_entrypoint(line:2423) - ERROR - recalc capacity: corecontrast, old_capacity,306 -> new_capacity, 306
__main__ - optimizer_entrypoint(line:2419) - ERROR - !!! ERROR !!! Total demand(1240) at sslateingress > total capcity(0) at corecontrast
__main__ - optimizer_entrypoint(line:2423) - ERROR - recalc capacity: corecontrast, old_capacity,311 -> new_capacity, 311
__main__ - optimizer_entrypoint(line:2423) - ERROR - recalc capacity: corecontrast, old_capacity,311 -> new_capacity, 311
__main__ - optimizer_entrypoint(line:2423) - ERROR - recalc capacity: corecontrast, old_capacity,311 -> new_capacity, 311
__main__ - optimizer_entrypoint(line:2423) - ERROR - recalc capacity: corecontrast, old_capacity,311 -> new_capacity, 311
__main__ - optimizer_entrypoint(line:2419) - ERROR - !!! ERROR !!! Total demand(1256) at sslateingress > total capcity(0) at corecontrast
__main__ - optimizer_entrypoint(line:2423) - ERROR - recalc capacity: corecontrast, old_capacity,315 -> new_capacity, 315
__main__ - optimizer_entrypoint(line:2423) - ERROR - recalc capacity: corecontrast, old_capacity,315 -> new_capacity, 315
__main__ - optimizer_entrypoint(line:2423) - ERROR - recalc capacity: corecontrast, old_capacity,315 -> new_capacity, 315
__main__ - optimizer_entrypoint(line:2423) - ERROR - recalc capacity: corecontrast, old_capacity,315 -> new_capacity, 315
__main__ - optimizer_entrypoint(line:2419) - ERROR - !!! ERROR !!! Total demand(1209) at sslateingress > total capcity(0) at corecontrast
__main__ - optimizer_entrypoint(line:2423) - ERROR - recalc capacity: corecontrast, old_capacity,303 -> new_capacity, 303
__main__ - optimizer_entrypoint(line:2423) - ERROR - recalc capacity: corecontrast, old_capacity,303 -> new_capacity, 303
__main__ - optimizer_entrypoint(line:2423) - ERROR - recalc capacity: corecontrast, old_capacity,303 -> new_capacity, 303
__main__ - optimizer_entrypoint(line:2423) - ERROR - recalc capacity: corecontrast, old_capacity,303 -> new_capacity, 303
__main__ - optimizer_entrypoint(line:2419) - ERROR - !!! ERROR !!! Total demand(1216) at sslateingress > total capcity(0) at corecontrast
__main__ - optimizer_entrypoint(line:2423) - ERROR - recalc capacity: corecontrast, old_capacity,305 -> new_capacity, 305
__main__ - optimizer_entrypoint(line:2423) - ERROR - recalc capacity: corecontrast, old_capacity,305 -> new_capacity, 305
__main__ - optimizer_entrypoint(line:2423) - ERROR - recalc capacity: corecontrast, old_capacity,305 -> new_capacity, 305
__main__ - optimizer_entrypoint(line:2423) - ERROR - recalc capacity: corecontrast, old_capacity,305 -> new_capacity, 305
__main__ - optimizer_entrypoint(line:2419) - ERROR - !!! ERROR !!! Total demand(1232) at sslateingress > total capcity(0) at corecontrast
__main__ - optimizer_entrypoint(line:2423) - ERROR - recalc capacity: corecontrast, old_capacity,309 -> new_capacity, 309
__main__ - optimizer_entrypoint(line:2423) - ERROR - recalc capacity: corecontrast, old_capacity,309 -> new_capacity, 309
__main__ - optimizer_entrypoint(line:2423) - ERROR - recalc capacity: corecontrast, old_capacity,309 -> new_capacity, 309
__main__ - optimizer_entrypoint(line:2423) - ERROR - recalc capacity: corecontrast, old_capacity,309 -> new_capacity, 309
__main__ - optimizer_entrypoint(line:2419) - ERROR - !!! ERROR !!! Total demand(1252) at sslateingress > total capcity(0) at corecontrast
__main__ - optimizer_entrypoint(line:2423) - ERROR - recalc capacity: corecontrast, old_capacity,314 -> new_capacity, 314
__main__ - optimizer_entrypoint(line:2423) - ERROR - recalc capacity: corecontrast, old_capacity,314 -> new_capacity, 314
__main__ - optimizer_entrypoint(line:2423) - ERROR - recalc capacity: corecontrast, old_capacity,314 -> new_capacity, 314
__main__ - optimizer_entrypoint(line:2423) - ERROR - recalc capacity: corecontrast, old_capacity,314 -> new_capacity, 314
